2018-07-10 14:06:37,927 [Worker-0] INFO  c.g.t.t.d.PublishedGradleVersions - Gradle version information cache is up-to-date. Trying to read.
2018-07-10 14:07:16,646 [Worker-8] INFO  o.e.m.c.i.l.LifecycleMappingFactory - Using org.eclipse.m2e.jdt.JarLifecycleMapping lifecycle mapping for MavenProject: br.com.automacao.java.web:poc_automacao_java:0.0.1-SNAPSHOT @ C:\Users\wpassos\eclipse-workspace7\framework_bdd_cucumber6.zip_expanded\framework_bdd_cucumber6\pom.xml.
2018-07-10 14:07:16,647 [Worker-15] INFO  o.e.m.c.i.l.LifecycleMappingFactory - Using org.eclipse.m2e.jdt.JarLifecycleMapping lifecycle mapping for MavenProject: br.com.automacao.java.web:poc_automacao_java:0.0.1-SNAPSHOT @ C:\Users\wpassos\eclipse-workspace7\framework_bdd_cucumber6.zip_expanded\framework_bdd_cucumber6\pom.xml.
2018-07-10 14:07:20,138 [Worker-8] INFO  o.e.m.c.i.embedder.EclipseLogger - Using 'UTF-8' encoding to copy filtered resources.
2018-07-10 14:07:20,138 [Worker-8] INFO  o.e.m.c.i.embedder.EclipseLogger - skip non existing resourceDirectory C:\Users\wpassos\eclipse-workspace7\framework_bdd_cucumber6.zip_expanded\framework_bdd_cucumber6\src\main\resources
2018-07-10 14:07:20,142 [Worker-8] INFO  o.e.m.c.i.embedder.EclipseLogger - Using 'UTF-8' encoding to copy filtered resources.
2018-07-10 14:07:20,149 [Worker-8] INFO  o.e.m.c.i.embedder.EclipseLogger - Copying 2 resources
2018-07-10 14:07:22,127 [Worker-3] INFO  o.e.m.c.i.l.LifecycleMappingFactory - Using org.eclipse.m2e.jdt.JarLifecycleMapping lifecycle mapping for MavenProject: br.com.automacao.java.web:poc_automacao_java:0.0.1-SNAPSHOT @ C:\Users\wpassos\eclipse-workspace7\framework_bdd_cucumber6.zip_expanded\framework_bdd_cucumber6\pom.xml.
2018-07-10 14:07:22,358 [Worker-17] INFO  o.e.m.c.i.embedder.EclipseLogger - Using 'UTF-8' encoding to copy filtered resources.
2018-07-10 14:07:22,358 [Worker-17] INFO  o.e.m.c.i.embedder.EclipseLogger - skip non existing resourceDirectory C:\Users\wpassos\eclipse-workspace7\framework_bdd_cucumber6.zip_expanded\framework_bdd_cucumber6\src\main\resources
2018-07-10 14:07:22,361 [Worker-17] INFO  o.e.m.c.i.embedder.EclipseLogger - Using 'UTF-8' encoding to copy filtered resources.
2018-07-10 14:07:22,366 [Worker-17] INFO  o.e.m.c.i.embedder.EclipseLogger - Copying 2 resources
2018-07-10 14:07:24,008 [Worker-2] INFO  o.e.m.c.i.embedder.EclipseLogger - Using 'UTF-8' encoding to copy filtered resources.
2018-07-10 14:07:24,008 [Worker-2] INFO  o.e.m.c.i.embedder.EclipseLogger - skip non existing resourceDirectory C:\Users\wpassos\eclipse-workspace7\framework_bdd_cucumber6.zip_expanded\framework_bdd_cucumber6\src\main\resources
2018-07-10 14:07:24,010 [Worker-2] INFO  o.e.m.c.i.embedder.EclipseLogger - Using 'UTF-8' encoding to copy filtered resources.
2018-07-10 14:07:24,010 [Worker-2] INFO  o.e.m.c.i.embedder.EclipseLogger - Copying 0 resource
2018-07-10 14:10:28,075 [Worker-15] INFO  o.e.m.c.i.embedder.EclipseLogger - Using 'UTF-8' encoding to copy filtered resources.
2018-07-10 14:10:28,075 [Worker-15] INFO  o.e.m.c.i.embedder.EclipseLogger - skip non existing resourceDirectory C:\Users\wpassos\eclipse-workspace7\framework_bdd_cucumber6.zip_expanded\framework_bdd_cucumber6\src\main\resources
2018-07-10 14:10:28,079 [Worker-15] INFO  o.e.m.c.i.embedder.EclipseLogger - Using 'UTF-8' encoding to copy filtered resources.
2018-07-10 14:10:28,081 [Worker-15] INFO  o.e.m.c.i.embedder.EclipseLogger - Copying 2 resources
2018-07-10 14:11:15,580 [Worker-19] INFO  o.e.m.c.i.embedder.EclipseLogger - Using 'UTF-8' encoding to copy filtered resources.
2018-07-10 14:11:15,581 [Worker-19] INFO  o.e.m.c.i.embedder.EclipseLogger - skip non existing resourceDirectory C:\Users\wpassos\eclipse-workspace7\framework_bdd_cucumber6.zip_expanded\framework_bdd_cucumber6\src\main\resources
2018-07-10 14:11:15,583 [Worker-19] INFO  o.e.m.c.i.embedder.EclipseLogger - Using 'UTF-8' encoding to copy filtered resources.
2018-07-10 14:11:15,585 [Worker-19] INFO  o.e.m.c.i.embedder.EclipseLogger - Copying 2 resources
2018-07-10 14:11:33,491 [Worker-15] INFO  o.e.m.c.i.embedder.EclipseLogger - Using 'UTF-8' encoding to copy filtered resources.
2018-07-10 14:11:33,491 [Worker-15] INFO  o.e.m.c.i.embedder.EclipseLogger - skip non existing resourceDirectory C:\Users\wpassos\eclipse-workspace7\framework_bdd_cucumber6.zip_expanded\framework_bdd_cucumber6\src\main\resources
2018-07-10 14:11:33,493 [Worker-15] INFO  o.e.m.c.i.embedder.EclipseLogger - Using 'UTF-8' encoding to copy filtered resources.
2018-07-10 14:11:33,495 [Worker-15] INFO  o.e.m.c.i.embedder.EclipseLogger - Copying 2 resources
2018-07-10 14:12:38,600 [Worker-18] INFO  o.e.m.c.i.embedder.EclipseLogger - Using 'UTF-8' encoding to copy filtered resources.
2018-07-10 14:12:38,600 [Worker-18] INFO  o.e.m.c.i.embedder.EclipseLogger - skip non existing resourceDirectory C:\Users\wpassos\eclipse-workspace7\framework_bdd_cucumber6.zip_expanded\framework_bdd_cucumber6\src\main\resources
2018-07-10 14:12:38,615 [Worker-18] INFO  o.e.m.c.i.embedder.EclipseLogger - Using 'UTF-8' encoding to copy filtered resources.
2018-07-10 14:12:38,615 [Worker-18] INFO  o.e.m.c.i.embedder.EclipseLogger - Copying 2 resources
2018-07-10 14:13:00,373 [Worker-4] INFO  o.e.m.c.i.embedder.EclipseLogger - Using 'UTF-8' encoding to copy filtered resources.
2018-07-10 14:13:00,373 [Worker-4] INFO  o.e.m.c.i.embedder.EclipseLogger - skip non existing resourceDirectory C:\Users\wpassos\eclipse-workspace7\framework_bdd_cucumber6.zip_expanded\framework_bdd_cucumber6\src\main\resources
2018-07-10 14:13:00,373 [Worker-4] INFO  o.e.m.c.i.embedder.EclipseLogger - Using 'UTF-8' encoding to copy filtered resources.
2018-07-10 14:13:00,373 [Worker-4] INFO  o.e.m.c.i.embedder.EclipseLogger - Copying 0 resource
2018-07-10 14:26:23,704 [Worker-25] INFO  o.e.m.c.i.embedder.EclipseLogger - Using 'UTF-8' encoding to copy filtered resources.
2018-07-10 14:26:23,704 [Worker-25] INFO  o.e.m.c.i.embedder.EclipseLogger - skip non existing resourceDirectory C:\Users\wpassos\eclipse-workspace7\framework_bdd_cucumber6.zip_expanded\framework_bdd_cucumber6\src\main\resources
2018-07-10 14:26:23,704 [Worker-25] INFO  o.e.m.c.i.embedder.EclipseLogger - Using 'UTF-8' encoding to copy filtered resources.
2018-07-10 14:26:23,704 [Worker-25] INFO  o.e.m.c.i.embedder.EclipseLogger - Copying 1 resource
2018-07-10 14:39:05,409 [Worker-31] INFO  o.e.m.c.i.embedder.EclipseLogger - Using 'UTF-8' encoding to copy filtered resources.
2018-07-10 14:39:05,409 [Worker-31] INFO  o.e.m.c.i.embedder.EclipseLogger - skip non existing resourceDirectory C:\Users\wpassos\eclipse-workspace7\framework_bdd_cucumber6.zip_expanded\framework_bdd_cucumber6\src\main\resources
2018-07-10 14:39:05,411 [Worker-31] INFO  o.e.m.c.i.embedder.EclipseLogger - Using 'UTF-8' encoding to copy filtered resources.
2018-07-10 14:39:05,411 [Worker-31] INFO  o.e.m.c.i.embedder.EclipseLogger - Copying 0 resource
2018-07-10 14:39:07,629 [Worker-29] INFO  o.e.m.c.i.embedder.EclipseLogger - Using 'UTF-8' encoding to copy filtered resources.
2018-07-10 14:39:07,630 [Worker-29] INFO  o.e.m.c.i.embedder.EclipseLogger - skip non existing resourceDirectory C:\Users\wpassos\eclipse-workspace7\framework_bdd_cucumber6.zip_expanded\framework_bdd_cucumber6\src\main\resources
2018-07-10 14:39:07,631 [Worker-29] INFO  o.e.m.c.i.embedder.EclipseLogger - Using 'UTF-8' encoding to copy filtered resources.
2018-07-10 14:39:07,632 [Worker-29] INFO  o.e.m.c.i.embedder.EclipseLogger - Copying 2 resources
2018-07-10 14:43:14,401 [Worker-33] INFO  o.e.m.c.i.embedder.EclipseLogger - Using 'UTF-8' encoding to copy filtered resources.
2018-07-10 14:43:14,401 [Worker-33] INFO  o.e.m.c.i.embedder.EclipseLogger - skip non existing resourceDirectory C:\Users\wpassos\eclipse-workspace7\framework_bdd_cucumber6.zip_expanded\framework_bdd_cucumber6\src\main\resources
2018-07-10 14:43:14,416 [Worker-33] INFO  o.e.m.c.i.embedder.EclipseLogger - Using 'UTF-8' encoding to copy filtered resources.
2018-07-10 14:43:14,416 [Worker-33] INFO  o.e.m.c.i.embedder.EclipseLogger - Copying 1 resource
2018-07-10 14:53:28,624 [Worker-35] INFO  o.e.m.c.i.embedder.EclipseLogger - Using 'UTF-8' encoding to copy filtered resources.
2018-07-10 14:53:28,624 [Worker-35] INFO  o.e.m.c.i.embedder.EclipseLogger - skip non existing resourceDirectory C:\Users\wpassos\eclipse-workspace7\framework_bdd_cucumber6.zip_expanded\framework_bdd_cucumber6\src\main\resources
2018-07-10 14:53:28,626 [Worker-35] INFO  o.e.m.c.i.embedder.EclipseLogger - Using 'UTF-8' encoding to copy filtered resources.
2018-07-10 14:53:28,627 [Worker-35] INFO  o.e.m.c.i.embedder.EclipseLogger - Copying 2 resources
2018-07-10 14:53:31,272 [Worker-35] INFO  o.e.m.c.i.embedder.EclipseLogger - Using 'UTF-8' encoding to copy filtered resources.
2018-07-10 14:53:31,272 [Worker-35] INFO  o.e.m.c.i.embedder.EclipseLogger - skip non existing resourceDirectory C:\Users\wpassos\eclipse-workspace7\framework_bdd_cucumber6.zip_expanded\framework_bdd_cucumber6\src\main\resources
2018-07-10 14:53:31,273 [Worker-35] INFO  o.e.m.c.i.embedder.EclipseLogger - Using 'UTF-8' encoding to copy filtered resources.
2018-07-10 14:53:31,274 [Worker-35] INFO  o.e.m.c.i.embedder.EclipseLogger - Copying 2 resources
2018-07-10 14:54:08,663 [Worker-34] INFO  o.e.m.c.i.embedder.EclipseLogger - Using 'UTF-8' encoding to copy filtered resources.
2018-07-10 14:54:08,663 [Worker-34] INFO  o.e.m.c.i.embedder.EclipseLogger - skip non existing resourceDirectory C:\Users\wpassos\eclipse-workspace7\framework_bdd_cucumber6.zip_expanded\framework_bdd_cucumber6\src\main\resources
2018-07-10 14:54:08,665 [Worker-34] INFO  o.e.m.c.i.embedder.EclipseLogger - Using 'UTF-8' encoding to copy filtered resources.
2018-07-10 14:54:08,665 [Worker-34] INFO  o.e.m.c.i.embedder.EclipseLogger - Copying 0 resource
2018-07-10 14:55:31,135 [Worker-37] INFO  o.e.m.c.i.embedder.EclipseLogger - Using 'UTF-8' encoding to copy filtered resources.
2018-07-10 14:55:31,136 [Worker-37] INFO  o.e.m.c.i.embedder.EclipseLogger - skip non existing resourceDirectory C:\Users\wpassos\eclipse-workspace7\framework_bdd_cucumber6.zip_expanded\framework_bdd_cucumber6\src\main\resources
2018-07-10 14:55:31,137 [Worker-37] INFO  o.e.m.c.i.embedder.EclipseLogger - Using 'UTF-8' encoding to copy filtered resources.
2018-07-10 14:55:31,138 [Worker-37] INFO  o.e.m.c.i.embedder.EclipseLogger - Copying 0 resource
2018-07-10 14:56:47,343 [Worker-39] INFO  o.e.m.c.i.embedder.EclipseLogger - Using 'UTF-8' encoding to copy filtered resources.
2018-07-10 14:56:47,344 [Worker-39] INFO  o.e.m.c.i.embedder.EclipseLogger - skip non existing resourceDirectory C:\Users\wpassos\eclipse-workspace7\framework_bdd_cucumber6.zip_expanded\framework_bdd_cucumber6\src\main\resources
2018-07-10 14:56:47,346 [Worker-39] INFO  o.e.m.c.i.embedder.EclipseLogger - Using 'UTF-8' encoding to copy filtered resources.
2018-07-10 14:56:47,346 [Worker-39] INFO  o.e.m.c.i.embedder.EclipseLogger - Copying 0 resource
2018-07-10 14:58:44,346 [Worker-35] INFO  o.e.m.c.i.embedder.EclipseLogger - Using 'UTF-8' encoding to copy filtered resources.
2018-07-10 14:58:44,346 [Worker-35] INFO  o.e.m.c.i.embedder.EclipseLogger - skip non existing resourceDirectory C:\Users\wpassos\eclipse-workspace7\framework_bdd_cucumber6.zip_expanded\framework_bdd_cucumber6\src\main\resources
2018-07-10 14:58:44,347 [Worker-35] INFO  o.e.m.c.i.embedder.EclipseLogger - Using 'UTF-8' encoding to copy filtered resources.
2018-07-10 14:58:44,349 [Worker-35] INFO  o.e.m.c.i.embedder.EclipseLogger - Copying 2 resources
2018-07-10 15:01:13,877 [Worker-42] INFO  o.e.m.c.i.embedder.EclipseLogger - Using 'UTF-8' encoding to copy filtered resources.
2018-07-10 15:01:13,877 [Worker-42] INFO  o.e.m.c.i.embedder.EclipseLogger - skip non existing resourceDirectory C:\Users\wpassos\eclipse-workspace7\framework_bdd_cucumber6.zip_expanded\framework_bdd_cucumber6\src\main\resources
2018-07-10 15:01:13,878 [Worker-42] INFO  o.e.m.c.i.embedder.EclipseLogger - Using 'UTF-8' encoding to copy filtered resources.
2018-07-10 15:01:13,878 [Worker-42] INFO  o.e.m.c.i.embedder.EclipseLogger - Copying 0 resource
2018-07-10 15:11:08,202 [Worker-46] INFO  o.e.m.c.i.embedder.EclipseLogger - Using 'UTF-8' encoding to copy filtered resources.
2018-07-10 15:11:08,202 [Worker-46] INFO  o.e.m.c.i.embedder.EclipseLogger - skip non existing resourceDirectory C:\Users\wpassos\eclipse-workspace7\framework_bdd_cucumber6.zip_expanded\framework_bdd_cucumber6\src\main\resources
2018-07-10 15:11:08,203 [Worker-46] INFO  o.e.m.c.i.embedder.EclipseLogger - Using 'UTF-8' encoding to copy filtered resources.
2018-07-10 15:11:08,203 [Worker-46] INFO  o.e.m.c.i.embedder.EclipseLogger - Copying 0 resource
2018-07-10 15:13:02,897 [Worker-43] INFO  o.e.m.c.i.embedder.EclipseLogger - Using 'UTF-8' encoding to copy filtered resources.
2018-07-10 15:13:02,897 [Worker-43] INFO  o.e.m.c.i.embedder.EclipseLogger - skip non existing resourceDirectory C:\Users\wpassos\eclipse-workspace7\framework_bdd_cucumber6.zip_expanded\framework_bdd_cucumber6\src\main\resources
2018-07-10 15:13:02,899 [Worker-43] INFO  o.e.m.c.i.embedder.EclipseLogger - Using 'UTF-8' encoding to copy filtered resources.
2018-07-10 15:13:02,900 [Worker-43] INFO  o.e.m.c.i.embedder.EclipseLogger - Copying 0 resource
2018-07-10 15:13:13,092 [Worker-42] INFO  o.e.m.c.i.embedder.EclipseLogger - Using 'UTF-8' encoding to copy filtered resources.
2018-07-10 15:13:13,092 [Worker-42] INFO  o.e.m.c.i.embedder.EclipseLogger - skip non existing resourceDirectory C:\Users\wpassos\eclipse-workspace7\framework_bdd_cucumber6.zip_expanded\framework_bdd_cucumber6\src\main\resources
2018-07-10 15:13:13,094 [Worker-42] INFO  o.e.m.c.i.embedder.EclipseLogger - Using 'UTF-8' encoding to copy filtered resources.
2018-07-10 15:13:13,094 [Worker-42] INFO  o.e.m.c.i.embedder.EclipseLogger - Copying 0 resource
2018-07-11 08:58:47,213 [Worker-5] INFO  c.g.t.t.d.PublishedGradleVersions - Gradle version information cache is out-of-date. Trying to update.
2018-07-11 09:04:42,330 [Worker-13] INFO  o.e.m.c.i.embedder.EclipseLogger - Using 'UTF-8' encoding to copy filtered resources.
2018-07-11 09:04:42,331 [Worker-13] INFO  o.e.m.c.i.embedder.EclipseLogger - skip non existing resourceDirectory C:\Users\wpassos\eclipse-workspace7\framework_bdd_cucumber6.zip_expanded\framework_bdd_cucumber6\src\main\resources
2018-07-11 09:04:42,334 [Worker-13] INFO  o.e.m.c.i.embedder.EclipseLogger - Using 'UTF-8' encoding to copy filtered resources.
2018-07-11 09:04:42,340 [Worker-13] INFO  o.e.m.c.i.embedder.EclipseLogger - Copying 2 resources
2018-07-11 09:06:05,211 [Worker-3] INFO  c.g.t.t.d.PublishedGradleVersions - Gradle version information cache is up-to-date. Trying to read.
2018-07-11 09:08:04,717 [Worker-15] INFO  o.e.m.c.i.embedder.EclipseLogger - Using 'UTF-8' encoding to copy filtered resources.
2018-07-11 09:08:04,718 [Worker-15] INFO  o.e.m.c.i.embedder.EclipseLogger - skip non existing resourceDirectory C:\Users\wpassos\eclipse-workspace7\framework_bdd_cucumber6.zip_expanded\framework_bdd_cucumber6\src\main\resources
2018-07-11 09:08:04,722 [Worker-15] INFO  o.e.m.c.i.embedder.EclipseLogger - Using 'UTF-8' encoding to copy filtered resources.
2018-07-11 09:08:04,731 [Worker-15] INFO  o.e.m.c.i.embedder.EclipseLogger - Copying 2 resources
2018-07-11 09:08:26,279 [Worker-9] INFO  o.e.m.c.i.embedder.EclipseLogger - Using 'UTF-8' encoding to copy filtered resources.
2018-07-11 09:08:26,279 [Worker-9] INFO  o.e.m.c.i.embedder.EclipseLogger - skip non existing resourceDirectory C:\Users\wpassos\eclipse-workspace7\framework_bdd_cucumber6.zip_expanded\framework_bdd_cucumber6\src\main\resources
2018-07-11 09:08:26,282 [Worker-9] INFO  o.e.m.c.i.embedder.EclipseLogger - Using 'UTF-8' encoding to copy filtered resources.
2018-07-11 09:08:26,291 [Worker-9] INFO  o.e.m.c.i.embedder.EclipseLogger - Copying 1 resource
2018-07-11 09:09:56,875 [Worker-9] INFO  o.e.m.c.i.embedder.EclipseLogger - Using 'UTF-8' encoding to copy filtered resources.
2018-07-11 09:09:56,875 [Worker-9] INFO  o.e.m.c.i.embedder.EclipseLogger - skip non existing resourceDirectory C:\Users\wpassos\eclipse-workspace7\framework_bdd_cucumber6.zip_expanded\framework_bdd_cucumber6\src\main\resources
2018-07-11 09:09:56,876 [Worker-9] INFO  o.e.m.c.i.embedder.EclipseLogger - Using 'UTF-8' encoding to copy filtered resources.
2018-07-11 09:09:56,877 [Worker-9] INFO  o.e.m.c.i.embedder.EclipseLogger - Copying 1 resource
2018-07-11 09:11:42,218 [Worker-9] INFO  o.e.m.c.i.embedder.EclipseLogger - Using 'UTF-8' encoding to copy filtered resources.
2018-07-11 09:11:42,219 [Worker-9] INFO  o.e.m.c.i.embedder.EclipseLogger - skip non existing resourceDirectory C:\Users\wpassos\eclipse-workspace7\framework_bdd_cucumber6.zip_expanded\framework_bdd_cucumber6\src\main\resources
2018-07-11 09:11:42,220 [Worker-9] INFO  o.e.m.c.i.embedder.EclipseLogger - Using 'UTF-8' encoding to copy filtered resources.
2018-07-11 09:11:42,221 [Worker-9] INFO  o.e.m.c.i.embedder.EclipseLogger - Copying 1 resource
2018-07-11 09:12:06,464 [Worker-10] INFO  o.e.m.c.i.embedder.EclipseLogger - Using 'UTF-8' encoding to copy filtered resources.
2018-07-11 09:12:06,464 [Worker-10] INFO  o.e.m.c.i.embedder.EclipseLogger - skip non existing resourceDirectory C:\Users\wpassos\eclipse-workspace7\framework_bdd_cucumber6.zip_expanded\framework_bdd_cucumber6\src\main\resources
2018-07-11 09:12:06,465 [Worker-10] INFO  o.e.m.c.i.embedder.EclipseLogger - Using 'UTF-8' encoding to copy filtered resources.
2018-07-11 09:12:06,466 [Worker-10] INFO  o.e.m.c.i.embedder.EclipseLogger - Copying 1 resource
2018-07-11 09:14:16,611 [Worker-21] INFO  o.e.m.c.i.embedder.EclipseLogger - Using 'UTF-8' encoding to copy filtered resources.
2018-07-11 09:14:16,611 [Worker-21] INFO  o.e.m.c.i.embedder.EclipseLogger - skip non existing resourceDirectory C:\Users\wpassos\eclipse-workspace7\framework_bdd_cucumber6.zip_expanded\framework_bdd_cucumber6\src\main\resources
2018-07-11 09:14:16,613 [Worker-21] INFO  o.e.m.c.i.embedder.EclipseLogger - Using 'UTF-8' encoding to copy filtered resources.
2018-07-11 09:14:16,614 [Worker-21] INFO  o.e.m.c.i.embedder.EclipseLogger - Copying 1 resource
2018-07-11 09:18:42,393 [Worker-21] INFO  o.e.m.c.i.embedder.EclipseLogger - Using 'UTF-8' encoding to copy filtered resources.
2018-07-11 09:18:42,393 [Worker-21] INFO  o.e.m.c.i.embedder.EclipseLogger - skip non existing resourceDirectory C:\Users\wpassos\eclipse-workspace7\framework_bdd_cucumber6.zip_expanded\framework_bdd_cucumber6\src\main\resources
2018-07-11 09:18:42,395 [Worker-21] INFO  o.e.m.c.i.embedder.EclipseLogger - Using 'UTF-8' encoding to copy filtered resources.
2018-07-11 09:18:42,395 [Worker-21] INFO  o.e.m.c.i.embedder.EclipseLogger - Copying 0 resource
2018-07-11 09:19:55,625 [Worker-23] INFO  o.e.m.c.i.embedder.EclipseLogger - Using 'UTF-8' encoding to copy filtered resources.
2018-07-11 09:19:55,626 [Worker-23] INFO  o.e.m.c.i.embedder.EclipseLogger - skip non existing resourceDirectory C:\Users\wpassos\eclipse-workspace7\framework_bdd_cucumber6.zip_expanded\framework_bdd_cucumber6\src\main\resources
2018-07-11 09:19:55,630 [Worker-23] INFO  o.e.m.c.i.embedder.EclipseLogger - Using 'UTF-8' encoding to copy filtered resources.
2018-07-11 09:19:55,630 [Worker-23] INFO  o.e.m.c.i.embedder.EclipseLogger - Copying 1 resource
2018-07-11 09:20:46,440 [Worker-20] INFO  o.e.m.c.i.embedder.EclipseLogger - Using 'UTF-8' encoding to copy filtered resources.
2018-07-11 09:20:46,440 [Worker-20] INFO  o.e.m.c.i.embedder.EclipseLogger - skip non existing resourceDirectory C:\Users\wpassos\eclipse-workspace7\framework_bdd_cucumber6.zip_expanded\framework_bdd_cucumber6\src\main\resources
2018-07-11 09:20:46,442 [Worker-20] INFO  o.e.m.c.i.embedder.EclipseLogger - Using 'UTF-8' encoding to copy filtered resources.
2018-07-11 09:20:46,442 [Worker-20] INFO  o.e.m.c.i.embedder.EclipseLogger - Copying 1 resource
2018-07-11 09:22:31,252 [Worker-24] INFO  o.e.m.c.i.embedder.EclipseLogger - Using 'UTF-8' encoding to copy filtered resources.
2018-07-11 09:22:31,253 [Worker-24] INFO  o.e.m.c.i.embedder.EclipseLogger - skip non existing resourceDirectory C:\Users\wpassos\eclipse-workspace7\framework_bdd_cucumber6.zip_expanded\framework_bdd_cucumber6\src\main\resources
2018-07-11 09:22:31,255 [Worker-24] INFO  o.e.m.c.i.embedder.EclipseLogger - Using 'UTF-8' encoding to copy filtered resources.
2018-07-11 09:22:31,262 [Worker-24] INFO  o.e.m.c.i.embedder.EclipseLogger - Copying 2 resources
2018-07-11 09:26:31,135 [Worker-24] INFO  o.e.m.c.i.embedder.EclipseLogger - Using 'UTF-8' encoding to copy filtered resources.
2018-07-11 09:26:31,135 [Worker-24] INFO  o.e.m.c.i.embedder.EclipseLogger - skip non existing resourceDirectory C:\Users\wpassos\eclipse-workspace7\framework_bdd_cucumber6.zip_expanded\framework_bdd_cucumber6\src\main\resources
2018-07-11 09:26:31,135 [Worker-24] INFO  o.e.m.c.i.embedder.EclipseLogger - Using 'UTF-8' encoding to copy filtered resources.
2018-07-11 09:26:31,135 [Worker-24] INFO  o.e.m.c.i.embedder.EclipseLogger - Copying 1 resource
2018-07-11 09:31:58,919 [Worker-26] INFO  o.e.m.c.i.embedder.EclipseLogger - Using 'UTF-8' encoding to copy filtered resources.
2018-07-11 09:31:58,919 [Worker-26] INFO  o.e.m.c.i.embedder.EclipseLogger - skip non existing resourceDirectory C:\Users\wpassos\eclipse-workspace7\framework_bdd_cucumber6.zip_expanded\framework_bdd_cucumber6\src\main\resources
2018-07-11 09:31:58,934 [Worker-26] INFO  o.e.m.c.i.embedder.EclipseLogger - Using 'UTF-8' encoding to copy filtered resources.
2018-07-11 09:31:58,934 [Worker-26] INFO  o.e.m.c.i.embedder.EclipseLogger - Copying 1 resource
2018-07-11 09:38:24,655 [Worker-30] INFO  o.e.m.c.i.embedder.EclipseLogger - Using 'UTF-8' encoding to copy filtered resources.
2018-07-11 09:38:24,655 [Worker-30] INFO  o.e.m.c.i.embedder.EclipseLogger - skip non existing resourceDirectory C:\Users\wpassos\eclipse-workspace7\framework_bdd_cucumber6.zip_expanded\framework_bdd_cucumber6\src\main\resources
2018-07-11 09:38:24,655 [Worker-30] INFO  o.e.m.c.i.embedder.EclipseLogger - Using 'UTF-8' encoding to copy filtered resources.
2018-07-11 09:38:24,655 [Worker-30] INFO  o.e.m.c.i.embedder.EclipseLogger - Copying 0 resource
2018-07-11 09:47:51,218 [Worker-33] INFO  o.e.m.c.i.embedder.EclipseLogger - Using 'UTF-8' encoding to copy filtered resources.
2018-07-11 09:47:51,218 [Worker-33] INFO  o.e.m.c.i.embedder.EclipseLogger - skip non existing resourceDirectory C:\Users\wpassos\eclipse-workspace7\framework_bdd_cucumber6.zip_expanded\framework_bdd_cucumber6\src\main\resources
2018-07-11 09:47:51,218 [Worker-33] INFO  o.e.m.c.i.embedder.EclipseLogger - Using 'UTF-8' encoding to copy filtered resources.
2018-07-11 09:47:51,218 [Worker-33] INFO  o.e.m.c.i.embedder.EclipseLogger - Copying 1 resource
2018-07-11 09:53:41,159 [Worker-33] INFO  o.e.m.c.i.embedder.EclipseLogger - Using 'UTF-8' encoding to copy filtered resources.
2018-07-11 09:53:41,159 [Worker-33] INFO  o.e.m.c.i.embedder.EclipseLogger - skip non existing resourceDirectory C:\Users\wpassos\eclipse-workspace7\framework_bdd_cucumber6.zip_expanded\framework_bdd_cucumber6\src\main\resources
2018-07-11 09:53:41,159 [Worker-33] INFO  o.e.m.c.i.embedder.EclipseLogger - Using 'UTF-8' encoding to copy filtered resources.
2018-07-11 09:53:41,159 [Worker-33] INFO  o.e.m.c.i.embedder.EclipseLogger - Copying 2 resources
2018-07-11 09:57:37,215 [Worker-33] INFO  o.e.m.c.i.embedder.EclipseLogger - Using 'UTF-8' encoding to copy filtered resources.
2018-07-11 09:57:37,215 [Worker-33] INFO  o.e.m.c.i.embedder.EclipseLogger - skip non existing resourceDirectory C:\Users\wpassos\eclipse-workspace7\framework_bdd_cucumber6.zip_expanded\framework_bdd_cucumber6\src\main\resources
2018-07-11 09:57:37,215 [Worker-33] INFO  o.e.m.c.i.embedder.EclipseLogger - Using 'UTF-8' encoding to copy filtered resources.
2018-07-11 09:57:37,215 [Worker-33] INFO  o.e.m.c.i.embedder.EclipseLogger - Copying 2 resources
2018-07-11 09:58:02,337 [Worker-34] INFO  o.e.m.c.i.embedder.EclipseLogger - Using 'UTF-8' encoding to copy filtered resources.
2018-07-11 09:58:02,337 [Worker-34] INFO  o.e.m.c.i.embedder.EclipseLogger - skip non existing resourceDirectory C:\Users\wpassos\eclipse-workspace7\framework_bdd_cucumber6.zip_expanded\framework_bdd_cucumber6\src\main\resources
2018-07-11 09:58:02,353 [Worker-34] INFO  o.e.m.c.i.embedder.EclipseLogger - Using 'UTF-8' encoding to copy filtered resources.
2018-07-11 09:58:02,353 [Worker-34] INFO  o.e.m.c.i.embedder.EclipseLogger - Copying 0 resource
2018-07-11 10:00:15,160 [Worker-34] INFO  o.e.m.c.i.embedder.EclipseLogger - Using 'UTF-8' encoding to copy filtered resources.
2018-07-11 10:00:15,160 [Worker-34] INFO  o.e.m.c.i.embedder.EclipseLogger - skip non existing resourceDirectory C:\Users\wpassos\eclipse-workspace7\framework_bdd_cucumber6.zip_expanded\framework_bdd_cucumber6\src\main\resources
2018-07-11 10:00:15,160 [Worker-34] INFO  o.e.m.c.i.embedder.EclipseLogger - Using 'UTF-8' encoding to copy filtered resources.
2018-07-11 10:00:15,176 [Worker-34] INFO  o.e.m.c.i.embedder.EclipseLogger - Copying 0 resource
2018-07-11 10:02:24,251 [Worker-37] INFO  o.e.m.c.i.embedder.EclipseLogger - Using 'UTF-8' encoding to copy filtered resources.
2018-07-11 10:02:24,252 [Worker-37] INFO  o.e.m.c.i.embedder.EclipseLogger - skip non existing resourceDirectory C:\Users\wpassos\eclipse-workspace7\framework_bdd_cucumber6.zip_expanded\framework_bdd_cucumber6\src\main\resources
2018-07-11 10:02:24,253 [Worker-37] INFO  o.e.m.c.i.embedder.EclipseLogger - Using 'UTF-8' encoding to copy filtered resources.
2018-07-11 10:02:24,255 [Worker-37] INFO  o.e.m.c.i.embedder.EclipseLogger - Copying 2 resources
2018-07-11 10:04:00,564 [Worker-36] INFO  o.e.m.c.i.embedder.EclipseLogger - Using 'UTF-8' encoding to copy filtered resources.
2018-07-11 10:04:00,564 [Worker-36] INFO  o.e.m.c.i.embedder.EclipseLogger - skip non existing resourceDirectory C:\Users\wpassos\eclipse-workspace7\framework_bdd_cucumber6.zip_expanded\framework_bdd_cucumber6\src\main\resources
2018-07-11 10:04:00,564 [Worker-36] INFO  o.e.m.c.i.embedder.EclipseLogger - Using 'UTF-8' encoding to copy filtered resources.
2018-07-11 10:04:00,564 [Worker-36] INFO  o.e.m.c.i.embedder.EclipseLogger - Copying 2 resources
2018-07-11 10:10:49,904 [Worker-40] INFO  o.e.m.c.i.embedder.EclipseLogger - Using 'UTF-8' encoding to copy filtered resources.
2018-07-11 10:10:49,904 [Worker-40] INFO  o.e.m.c.i.embedder.EclipseLogger - skip non existing resourceDirectory C:\Users\wpassos\eclipse-workspace7\framework_bdd_cucumber6.zip_expanded\framework_bdd_cucumber6\src\main\resources
2018-07-11 10:10:49,904 [Worker-40] INFO  o.e.m.c.i.embedder.EclipseLogger - Using 'UTF-8' encoding to copy filtered resources.
2018-07-11 10:10:49,904 [Worker-40] INFO  o.e.m.c.i.embedder.EclipseLogger - Copying 2 resources
2018-07-11 10:10:57,671 [Worker-36] INFO  o.e.m.c.i.embedder.EclipseLogger - Using 'UTF-8' encoding to copy filtered resources.
2018-07-11 10:10:57,671 [Worker-36] INFO  o.e.m.c.i.embedder.EclipseLogger - skip non existing resourceDirectory C:\Users\wpassos\eclipse-workspace7\framework_bdd_cucumber6.zip_expanded\framework_bdd_cucumber6\src\main\resources
2018-07-11 10:10:57,671 [Worker-36] INFO  o.e.m.c.i.embedder.EclipseLogger - Using 'UTF-8' encoding to copy filtered resources.
2018-07-11 10:10:57,671 [Worker-36] INFO  o.e.m.c.i.embedder.EclipseLogger - Copying 2 resources
2018-07-11 10:17:21,261 [Worker-37] INFO  o.e.m.c.i.embedder.EclipseLogger - Using 'UTF-8' encoding to copy filtered resources.
2018-07-11 10:17:21,261 [Worker-37] INFO  o.e.m.c.i.embedder.EclipseLogger - skip non existing resourceDirectory C:\Users\wpassos\eclipse-workspace7\framework_bdd_cucumber6.zip_expanded\framework_bdd_cucumber6\src\main\resources
2018-07-11 10:17:21,261 [Worker-37] INFO  o.e.m.c.i.embedder.EclipseLogger - Using 'UTF-8' encoding to copy filtered resources.
2018-07-11 10:17:21,277 [Worker-37] INFO  o.e.m.c.i.embedder.EclipseLogger - Copying 0 resource
2018-07-11 11:01:28,830 [Worker-50] INFO  o.e.m.c.i.embedder.EclipseLogger - Using 'UTF-8' encoding to copy filtered resources.
2018-07-11 11:01:28,830 [Worker-50] INFO  o.e.m.c.i.embedder.EclipseLogger - skip non existing resourceDirectory C:\Users\wpassos\eclipse-workspace7\framework_bdd_cucumber6.zip_expanded\framework_bdd_cucumber6\src\main\resources
2018-07-11 11:01:28,830 [Worker-50] INFO  o.e.m.c.i.embedder.EclipseLogger - Using 'UTF-8' encoding to copy filtered resources.
2018-07-11 11:01:28,830 [Worker-50] INFO  o.e.m.c.i.embedder.EclipseLogger - Copying 2 resources
2018-07-11 11:13:41,066 [Worker-58] INFO  o.e.m.c.i.embedder.EclipseLogger - Using 'UTF-8' encoding to copy filtered resources.
2018-07-11 11:13:41,067 [Worker-58] INFO  o.e.m.c.i.embedder.EclipseLogger - skip non existing resourceDirectory C:\Users\wpassos\eclipse-workspace7\framework_bdd_cucumber6.zip_expanded\framework_bdd_cucumber6\src\main\resources
2018-07-11 11:13:41,068 [Worker-58] INFO  o.e.m.c.i.embedder.EclipseLogger - Using 'UTF-8' encoding to copy filtered resources.
2018-07-11 11:13:41,068 [Worker-58] INFO  o.e.m.c.i.embedder.EclipseLogger - Copying 0 resource
2018-07-11 11:14:34,821 [Worker-54] INFO  o.e.m.c.i.embedder.EclipseLogger - Using 'UTF-8' encoding to copy filtered resources.
2018-07-11 11:14:34,821 [Worker-54] INFO  o.e.m.c.i.embedder.EclipseLogger - skip non existing resourceDirectory C:\Users\wpassos\eclipse-workspace7\framework_bdd_cucumber6.zip_expanded\framework_bdd_cucumber6\src\main\resources
2018-07-11 11:14:34,824 [Worker-54] INFO  o.e.m.c.i.embedder.EclipseLogger - Using 'UTF-8' encoding to copy filtered resources.
2018-07-11 11:14:34,825 [Worker-54] INFO  o.e.m.c.i.embedder.EclipseLogger - Copying 0 resource
2018-07-11 11:17:45,749 [Worker-57] INFO  o.e.m.c.i.embedder.EclipseLogger - Using 'UTF-8' encoding to copy filtered resources.
2018-07-11 11:17:45,750 [Worker-57] INFO  o.e.m.c.i.embedder.EclipseLogger - skip non existing resourceDirectory C:\Users\wpassos\eclipse-workspace7\framework_bdd_cucumber6.zip_expanded\framework_bdd_cucumber6\src\main\resources
2018-07-11 11:17:45,751 [Worker-57] INFO  o.e.m.c.i.embedder.EclipseLogger - Using 'UTF-8' encoding to copy filtered resources.
2018-07-11 11:17:45,752 [Worker-57] INFO  o.e.m.c.i.embedder.EclipseLogger - Copying 0 resource
2018-07-11 11:21:27,908 [Worker-60] INFO  o.e.m.c.i.embedder.EclipseLogger - Using 'UTF-8' encoding to copy filtered resources.
2018-07-11 11:21:27,908 [Worker-60] INFO  o.e.m.c.i.embedder.EclipseLogger - skip non existing resourceDirectory C:\Users\wpassos\eclipse-workspace7\framework_bdd_cucumber6.zip_expanded\framework_bdd_cucumber6\src\main\resources
2018-07-11 11:21:27,911 [Worker-60] INFO  o.e.m.c.i.embedder.EclipseLogger - Using 'UTF-8' encoding to copy filtered resources.
2018-07-11 11:21:27,912 [Worker-60] INFO  o.e.m.c.i.embedder.EclipseLogger - Copying 0 resource
2018-07-11 11:23:30,756 [Worker-60] INFO  o.e.m.c.i.embedder.EclipseLogger - Using 'UTF-8' encoding to copy filtered resources.
2018-07-11 11:23:30,756 [Worker-60] INFO  o.e.m.c.i.embedder.EclipseLogger - skip non existing resourceDirectory C:\Users\wpassos\eclipse-workspace7\framework_bdd_cucumber6.zip_expanded\framework_bdd_cucumber6\src\main\resources
2018-07-11 11:23:30,756 [Worker-60] INFO  o.e.m.c.i.embedder.EclipseLogger - Using 'UTF-8' encoding to copy filtered resources.
2018-07-11 11:23:30,756 [Worker-60] INFO  o.e.m.c.i.embedder.EclipseLogger - Copying 0 resource
2018-07-11 11:26:06,890 [Worker-60] INFO  o.e.m.c.i.embedder.EclipseLogger - Using 'UTF-8' encoding to copy filtered resources.
2018-07-11 11:26:06,890 [Worker-60] INFO  o.e.m.c.i.embedder.EclipseLogger - skip non existing resourceDirectory C:\Users\wpassos\eclipse-workspace7\framework_bdd_cucumber6.zip_expanded\framework_bdd_cucumber6\src\main\resources
2018-07-11 11:26:06,890 [Worker-60] INFO  o.e.m.c.i.embedder.EclipseLogger - Using 'UTF-8' encoding to copy filtered resources.
2018-07-11 11:26:06,890 [Worker-60] INFO  o.e.m.c.i.embedder.EclipseLogger - Copying 0 resource
2018-07-11 11:31:05,660 [Worker-69] INFO  o.e.m.c.i.embedder.EclipseLogger - Using 'UTF-8' encoding to copy filtered resources.
2018-07-11 11:31:05,660 [Worker-69] INFO  o.e.m.c.i.embedder.EclipseLogger - skip non existing resourceDirectory C:\Users\wpassos\eclipse-workspace7\framework_bdd_cucumber6.zip_expanded\framework_bdd_cucumber6\src\main\resources
2018-07-11 11:31:05,660 [Worker-69] INFO  o.e.m.c.i.embedder.EclipseLogger - Using 'UTF-8' encoding to copy filtered resources.
2018-07-11 11:31:05,660 [Worker-69] INFO  o.e.m.c.i.embedder.EclipseLogger - Copying 0 resource
2018-07-11 11:35:52,454 [Worker-67] INFO  o.e.m.c.i.embedder.EclipseLogger - Using 'UTF-8' encoding to copy filtered resources.
2018-07-11 11:35:52,454 [Worker-67] INFO  o.e.m.c.i.embedder.EclipseLogger - skip non existing resourceDirectory C:\Users\wpassos\eclipse-workspace7\framework_bdd_cucumber6.zip_expanded\framework_bdd_cucumber6\src\main\resources
2018-07-11 11:35:52,454 [Worker-67] INFO  o.e.m.c.i.embedder.EclipseLogger - Using 'UTF-8' encoding to copy filtered resources.
2018-07-11 11:35:52,454 [Worker-67] INFO  o.e.m.c.i.embedder.EclipseLogger - Copying 0 resource
